FKKPF HXRVQ HONLD EJ_GI AVSTG S
VOGKP TGEJR QZERI XTNGR VZXWX MF.
BHR_R OR_ZD NDOVP _MSXD IBG_G LIEWU UDK
BEZ.K Y_ZSF _IP_P UJUTP KHTPE PK
RC_RZ M_CAW E_HZ_ YXQ_C MOKAC TGY
FELPA Z_NCT T_PDP PMINP OKWKN M.
PEZUH J_MTL IRQ_M DT_UT R_UIS JMD
HU.VZ Y_AEN _ZNFJ EJYS. YGFOI GZI
AQD_H LKGXG
ZLIIC LUVIM MN_DD AILMS EUABN S
AWEMD YERPS S
TKXDF A_CMO OIIZA ZED_F IGCME
IKSJM EBCEC VEDJB FOZJV JJZKH GTOJ

ZCSVX SRDTY A.CLB COENM JDUME H
ZFFSP WFRGY BDUGU FUJZM KYJVP XTT
COEJ. BGZOG CUDWY URVVK NWJRE _VTZA _ZV
IRMXZ ZTQOD PCQSY WBANZ NSFON ME
SYZCP BPWVE BMOLP CNJTP XGBTE QGO
GSUKG LFCFF ABZCU QDFTV UTOMT TV
XPXLK GDWDT BSDM. JCGMI WRBOG JJC
MPBSY CFKNE ETNSQ YX_DD IB_CH ZYC
XEKMZ _.JBV
J.YK_ .SMPO DJXJA OWPTD WL_WT T
TSVKZ EFBIJ .
VUKJR EFUGG MWUAT .WNWU MJQCG
OBNMB JC.GU KWFCU WL.DQ ESCZB NQZE
